ođđajage
guovva
njukča
cuoŋo
miesse
geasse
suoidne
borge
čakča
golggot
skábma
juovla
ođđajagemánnu
guovvamánnu
njukčamánnu
cuoŋománnu
miessemánnu
geassemánnu
suoidnemánnu
borgemánnu
čakčamánnu
golggotmánnu
skábmamánnu
juovlamánnu
sotn
vuos
maŋ
gask
duor
bear
láv
aejlege
måanta
däjsta
gaskevahkoe
dåarsta
bearjadahke
laavadahke
%H:%M:%S
%Y-%m-%d
%Y %B %e %H:%M:%S
iđitbeaivet
eahketbeaivet
%Y %B %e %H:%M:%S %Z
ođđajagemánnu
guovvamánnu
njukčamánnu
cuoŋománnu
miessemánnu
geassemánnu
suoidnemánnu
borgemánnu
čakčamánnu
golggotmánnu
skábmamánnu
juovlamánnu
md
%I:%M:%S %p
