јан
феб
мар
апр
мај
јун
јул
авг
сеп
окт
нов
дец""jan
feb
mar
apr
maj
jun
jul
avg
sep
okt
nov
dec
јануар
фебруар
март
април
мај
јун
јул
август
септембар
октобар
новембар
децембар""januar
februar
mart
april
maj
jun
jul
avgust
septembar
oktobar
novembar
decembar
нед
пон
уто
сре
чет
пет
суб""ned
pon
uto
sre
cet
pet
sub
недеља
понедељак
уторак
среда
четвртак
петак
субота""nedelja
ponedeljak
utorak
sreda
cetvrtak
petak
subota
%H.%M.%S""%H.%M.%S
%e.%m.%y.""%e.%m.%y.
%d. %B %Y. %H.%M.%S""%d. %B %Y. %H.%M.%S %Z
пре подне
по подне""pre podne
po podne
%d. %B %Y. %H.%M.%S %Z""%d. %B %Y. %H.%M.%S %Z
јануар
фебруар
март
април
мај
јун
јул
август
септембар
октобар
новембар
децембар""januar
februar
mart
april
maj
jun
jul
avgust
septembar
oktobar
novembar
decembar
mm
%I.%M.%S %p""%I.%M.%S %p
